{"C:\\Users\\savch_000\\Desktop\\JS\\_REACT 2021 Q3\\rockstar666by-REACT2021Q3\\react-testing\\mocks\\styleMock.js": {"path":"C:\\Users\\savch_000\\Desktop\\JS\\_REACT 2021 Q3\\rockstar666by-REACT2021Q3\\react-testing\\mocks\\styleMock.js","statementMap":{"0":{"start":{"line":1,"column":0},"end":{"line":1,"column":34}}},"fnMap":{},"branchMap":{},"s":{"0":1},"f":{},"b":{},"_coverageSchema":"1a1c01bbd47fc00a2c39e90264f33305004495a9","hash":"19e7da844f81b13b524f2298fe784cb868f69bba"}
,"C:\\Users\\savch_000\\Desktop\\JS\\_REACT 2021 Q3\\rockstar666by-REACT2021Q3\\react-testing\\src\\App.js": {"path":"C:\\Users\\savch_000\\Desktop\\JS\\_REACT 2021 Q3\\rockstar666by-REACT2021Q3\\react-testing\\src\\App.js","statementMap":{"0":{"start":{"line":6,"column":2},"end":{"line":10,"column":4}}},"fnMap":{"0":{"name":"App","decl":{"start":{"line":5,"column":9},"end":{"line":5,"column":12}},"loc":{"start":{"line":5,"column":15},"end":{"line":11,"column":1}},"line":5}},"branchMap":{},"s":{"0":1},"f":{"0":1},"b":{},"_coverageSchema":"1a1c01bbd47fc00a2c39e90264f33305004495a9","hash":"2a22787ca35e52a6c5d719c8f373947df1a183c4"}
,"C:\\Users\\savch_000\\Desktop\\JS\\_REACT 2021 Q3\\rockstar666by-REACT2021Q3\\react-testing\\src\\store.js": {"path":"C:\\Users\\savch_000\\Desktop\\JS\\_REACT 2021 Q3\\rockstar666by-REACT2021Q3\\react-testing\\src\\store.js","statementMap":{"0":{"start":{"line":5,"column":23},"end":{"line":13,"column":1}},"1":{"start":{"line":15,"column":14},"end":{"line":19,"column":2}}},"fnMap":{},"branchMap":{},"s":{"0":1,"1":1},"f":{},"b":{},"_coverageSchema":"1a1c01bbd47fc00a2c39e90264f33305004495a9","hash":"ce780bbc77b1a315bacd5e0a4340ea0025c8d9cb"}
,"C:\\Users\\savch_000\\Desktop\\JS\\_REACT 2021 Q3\\rockstar666by-REACT2021Q3\\react-testing\\src\\components\\About\\About.jsx": {"path":"C:\\Users\\savch_000\\Desktop\\JS\\_REACT 2021 Q3\\rockstar666by-REACT2021Q3\\react-testing\\src\\components\\About\\About.jsx","statementMap":{"0":{"start":{"line":4,"column":14},"end":{"line":17,"column":1}},"1":{"start":{"line":5,"column":2},"end":{"line":16,"column":4}}},"fnMap":{"0":{"name":"(anonymous_0)","decl":{"start":{"line":4,"column":14},"end":{"line":4,"column":15}},"loc":{"start":{"line":4,"column":20},"end":{"line":17,"column":1}},"line":4}},"branchMap":{},"s":{"0":1,"1":1},"f":{"0":1},"b":{},"_coverageSchema":"1a1c01bbd47fc00a2c39e90264f33305004495a9","hash":"0fcf83f5b2419f2ea2bc73da758fda1a90e4f904"}
,"C:\\Users\\savch_000\\Desktop\\JS\\_REACT 2021 Q3\\rockstar666by-REACT2021Q3\\react-testing\\src\\components\\Articles\\Articles.jsx": {"path":"C:\\Users\\savch_000\\Desktop\\JS\\_REACT 2021 Q3\\rockstar666by-REACT2021Q3\\react-testing\\src\\components\\Articles\\Articles.jsx","statementMap":{"0":{"start":{"line":6,"column":17},"end":{"line":36,"column":1}},"1":{"start":{"line":7,"column":19},"end":{"line":7,"column":53}},"2":{"start":{"line":7,"column":42},"end":{"line":7,"column":52}},"3":{"start":{"line":8,"column":22},"end":{"line":8,"column":63}},"4":{"start":{"line":8,"column":45},"end":{"line":8,"column":62}},"5":{"start":{"line":9,"column":23},"end":{"line":9,"column":65}},"6":{"start":{"line":9,"column":46},"end":{"line":9,"column":64}},"7":{"start":{"line":14,"column":2},"end":{"line":35,"column":4}},"8":{"start":{"line":19,"column":10},"end":{"line":31,"column":12}}},"fnMap":{"0":{"name":"(anonymous_0)","decl":{"start":{"line":6,"column":17},"end":{"line":6,"column":18}},"loc":{"start":{"line":6,"column":23},"end":{"line":36,"column":1}},"line":6},"1":{"name":"(anonymous_1)","decl":{"start":{"line":7,"column":31},"end":{"line":7,"column":32}},"loc":{"start":{"line":7,"column":42},"end":{"line":7,"column":52}},"line":7},"2":{"name":"(anonymous_2)","decl":{"start":{"line":8,"column":34},"end":{"line":8,"column":35}},"loc":{"start":{"line":8,"column":45},"end":{"line":8,"column":62}},"line":8},"3":{"name":"(anonymous_3)","decl":{"start":{"line":9,"column":35},"end":{"line":9,"column":36}},"loc":{"start":{"line":9,"column":46},"end":{"line":9,"column":64}},"line":9},"4":{"name":"(anonymous_4)","decl":{"start":{"line":18,"column":22},"end":{"line":18,"column":23}},"loc":{"start":{"line":18,"column":90},"end":{"line":32,"column":9}},"line":18}},"branchMap":{},"s":{"0":1,"1":3,"2":7,"3":3,"4":7,"5":3,"6":7,"7":3,"8":0},"f":{"0":3,"1":7,"2":7,"3":7,"4":0},"b":{},"_coverageSchema":"1a1c01bbd47fc00a2c39e90264f33305004495a9","hash":"452019dbfc72a16d9cc4cb9a8837e77c4736ed2f"}
,"C:\\Users\\savch_000\\Desktop\\JS\\_REACT 2021 Q3\\rockstar666by-REACT2021Q3\\react-testing\\src\\components\\Details\\Details.jsx": {"path":"C:\\Users\\savch_000\\Desktop\\JS\\_REACT 2021 Q3\\rockstar666by-REACT2021Q3\\react-testing\\src\\components\\Details\\Details.jsx","statementMap":{"0":{"start":{"line":5,"column":16},"end":{"line":26,"column":1}},"1":{"start":{"line":6,"column":17},"end":{"line":6,"column":28}},"2":{"start":{"line":7,"column":34},"end":{"line":7,"column":46}},"3":{"start":{"line":9,"column":2},"end":{"line":13,"column":11}},"4":{"start":{"line":10,"column":4},"end":{"line":12,"column":7}},"5":{"start":{"line":11,"column":6},"end":{"line":11,"column":45}},"6":{"start":{"line":15,"column":2},"end":{"line":25,"column":4}}},"fnMap":{"0":{"name":"(anonymous_0)","decl":{"start":{"line":5,"column":16},"end":{"line":5,"column":17}},"loc":{"start":{"line":5,"column":22},"end":{"line":26,"column":1}},"line":5},"1":{"name":"(anonymous_1)","decl":{"start":{"line":9,"column":18},"end":{"line":9,"column":19}},"loc":{"start":{"line":9,"column":24},"end":{"line":13,"column":3}},"line":9},"2":{"name":"(anonymous_2)","decl":{"start":{"line":10,"column":96},"end":{"line":10,"column":97}},"loc":{"start":{"line":10,"column":110},"end":{"line":12,"column":5}},"line":10}},"branchMap":{},"s":{"0":1,"1":1,"2":1,"3":1,"4":1,"5":0,"6":1},"f":{"0":1,"1":1,"2":0},"b":{},"_coverageSchema":"1a1c01bbd47fc00a2c39e90264f33305004495a9","hash":"339e39bac383a82231072c7be162d846d46ba6ab"}
,"C:\\Users\\savch_000\\Desktop\\JS\\_REACT 2021 Q3\\rockstar666by-REACT2021Q3\\react-testing\\src\\components\\PageNotFound\\PageNotFound.jsx": {"path":"C:\\Users\\savch_000\\Desktop\\JS\\_REACT 2021 Q3\\rockstar666by-REACT2021Q3\\react-testing\\src\\components\\PageNotFound\\PageNotFound.jsx","statementMap":{"0":{"start":{"line":4,"column":21},"end":{"line":11,"column":1}},"1":{"start":{"line":5,"column":2},"end":{"line":10,"column":4}}},"fnMap":{"0":{"name":"(anonymous_0)","decl":{"start":{"line":4,"column":21},"end":{"line":4,"column":22}},"loc":{"start":{"line":4,"column":27},"end":{"line":11,"column":1}},"line":4}},"branchMap":{},"s":{"0":1,"1":2},"f":{"0":2},"b":{},"_coverageSchema":"1a1c01bbd47fc00a2c39e90264f33305004495a9","hash":"cf257e9bdcbcdfe559631af109a4722f81c69a7c"}
,"C:\\Users\\savch_000\\Desktop\\JS\\_REACT 2021 Q3\\rockstar666by-REACT2021Q3\\react-testing\\src\\components\\Router\\Router.jsx": {"path":"C:\\Users\\savch_000\\Desktop\\JS\\_REACT 2021 Q3\\rockstar666by-REACT2021Q3\\react-testing\\src\\components\\Router\\Router.jsx","statementMap":{"0":{"start":{"line":12,"column":19},"end":{"line":12,"column":32}},"1":{"start":{"line":14,"column":2},"end":{"line":36,"column":4}},"2":{"start":{"line":39,"column":15},"end":{"line":61,"column":1}},"3":{"start":{"line":40,"column":2},"end":{"line":60,"column":4}}},"fnMap":{"0":{"name":"AnimationApp","decl":{"start":{"line":11,"column":9},"end":{"line":11,"column":21}},"loc":{"start":{"line":11,"column":24},"end":{"line":37,"column":1}},"line":11},"1":{"name":"(anonymous_1)","decl":{"start":{"line":39,"column":15},"end":{"line":39,"column":16}},"loc":{"start":{"line":39,"column":21},"end":{"line":61,"column":1}},"line":39}},"branchMap":{},"s":{"0":1,"1":1,"2":1,"3":1},"f":{"0":1,"1":1},"b":{},"_coverageSchema":"1a1c01bbd47fc00a2c39e90264f33305004495a9","hash":"bb751ab9dba32c0f3fa101b9f7a69d90e1902aa3"}
,"C:\\Users\\savch_000\\Desktop\\JS\\_REACT 2021 Q3\\rockstar666by-REACT2021Q3\\react-testing\\src\\components\\SearchBar\\SearchBar.jsx": {"path":"C:\\Users\\savch_000\\Desktop\\JS\\_REACT 2021 Q3\\rockstar666by-REACT2021Q3\\react-testing\\src\\components\\SearchBar\\SearchBar.jsx","statementMap":{"0":{"start":{"line":10,"column":18},"end":{"line":87,"column":1}},"1":{"start":{"line":11,"column":19},"end":{"line":11,"column":32}},"2":{"start":{"line":12,"column":22},"end":{"line":12,"column":63}},"3":{"start":{"line":12,"column":45},"end":{"line":12,"column":62}},"4":{"start":{"line":13,"column":17},"end":{"line":13,"column":53}},"5":{"start":{"line":13,"column":40},"end":{"line":13,"column":52}},"6":{"start":{"line":14,"column":22},"end":{"line":14,"column":63}},"7":{"start":{"line":14,"column":45},"end":{"line":14,"column":62}},"8":{"start":{"line":15,"column":23},"end":{"line":15,"column":65}},"9":{"start":{"line":15,"column":46},"end":{"line":15,"column":64}},"10":{"start":{"line":16,"column":20},"end":{"line":16,"column":59}},"11":{"start":{"line":16,"column":43},"end":{"line":16,"column":58}},"12":{"start":{"line":18,"column":23},"end":{"line":21,"column":3}},"13":{"start":{"line":19,"column":4},"end":{"line":19,"column":27}},"14":{"start":{"line":20,"column":4},"end":{"line":20,"column":80}},"15":{"start":{"line":23,"column":2},"end":{"line":86,"column":4}},"16":{"start":{"line":34,"column":35},"end":{"line":34,"column":74}},"17":{"start":{"line":35,"column":33},"end":{"line":35,"column":72}},"18":{"start":{"line":49,"column":35},"end":{"line":49,"column":80}},"19":{"start":{"line":50,"column":33},"end":{"line":50,"column":78}},"20":{"start":{"line":63,"column":35},"end":{"line":63,"column":79}},"21":{"start":{"line":64,"column":33},"end":{"line":64,"column":77}},"22":{"start":{"line":73,"column":33},"end":{"line":73,"column":77}}},"fnMap":{"0":{"name":"(anonymous_0)","decl":{"start":{"line":10,"column":18},"end":{"line":10,"column":19}},"loc":{"start":{"line":10,"column":24},"end":{"line":87,"column":1}},"line":10},"1":{"name":"(anonymous_1)","decl":{"start":{"line":12,"column":34},"end":{"line":12,"column":35}},"loc":{"start":{"line":12,"column":45},"end":{"line":12,"column":62}},"line":12},"2":{"name":"(anonymous_2)","decl":{"start":{"line":13,"column":29},"end":{"line":13,"column":30}},"loc":{"start":{"line":13,"column":40},"end":{"line":13,"column":52}},"line":13},"3":{"name":"(anonymous_3)","decl":{"start":{"line":14,"column":34},"end":{"line":14,"column":35}},"loc":{"start":{"line":14,"column":45},"end":{"line":14,"column":62}},"line":14},"4":{"name":"(anonymous_4)","decl":{"start":{"line":15,"column":35},"end":{"line":15,"column":36}},"loc":{"start":{"line":15,"column":46},"end":{"line":15,"column":64}},"line":15},"5":{"name":"(anonymous_5)","decl":{"start":{"line":16,"column":32},"end":{"line":16,"column":33}},"loc":{"start":{"line":16,"column":43},"end":{"line":16,"column":58}},"line":16},"6":{"name":"(anonymous_6)","decl":{"start":{"line":18,"column":23},"end":{"line":18,"column":24}},"loc":{"start":{"line":18,"column":40},"end":{"line":21,"column":3}},"line":18},"7":{"name":"(anonymous_7)","decl":{"start":{"line":34,"column":24},"end":{"line":34,"column":25}},"loc":{"start":{"line":34,"column":35},"end":{"line":34,"column":74}},"line":34},"8":{"name":"(anonymous_8)","decl":{"start":{"line":35,"column":22},"end":{"line":35,"column":23}},"loc":{"start":{"line":35,"column":33},"end":{"line":35,"column":72}},"line":35},"9":{"name":"(anonymous_9)","decl":{"start":{"line":49,"column":24},"end":{"line":49,"column":25}},"loc":{"start":{"line":49,"column":35},"end":{"line":49,"column":80}},"line":49},"10":{"name":"(anonymous_10)","decl":{"start":{"line":50,"column":22},"end":{"line":50,"column":23}},"loc":{"start":{"line":50,"column":33},"end":{"line":50,"column":78}},"line":50},"11":{"name":"(anonymous_11)","decl":{"start":{"line":63,"column":24},"end":{"line":63,"column":25}},"loc":{"start":{"line":63,"column":35},"end":{"line":63,"column":79}},"line":63},"12":{"name":"(anonymous_12)","decl":{"start":{"line":64,"column":22},"end":{"line":64,"column":23}},"loc":{"start":{"line":64,"column":33},"end":{"line":64,"column":77}},"line":64},"13":{"name":"(anonymous_13)","decl":{"start":{"line":73,"column":22},"end":{"line":73,"column":23}},"loc":{"start":{"line":73,"column":33},"end":{"line":73,"column":77}},"line":73}},"branchMap":{},"s":{"0":1,"1":3,"2":3,"3":7,"4":3,"5":7,"6":3,"7":7,"8":3,"9":7,"10":3,"11":7,"12":3,"13":0,"14":0,"15":3,"16":1,"17":0,"18":1,"19":0,"20":0,"21":0,"22":1},"f":{"0":3,"1":7,"2":7,"3":7,"4":7,"5":7,"6":0,"7":1,"8":0,"9":1,"10":0,"11":0,"12":0,"13":1},"b":{},"_coverageSchema":"1a1c01bbd47fc00a2c39e90264f33305004495a9","hash":"69b9e9ae8a773fb530ab13611bbea0d4eda5dac1"}
,"C:\\Users\\savch_000\\Desktop\\JS\\_REACT 2021 Q3\\rockstar666by-REACT2021Q3\\react-testing\\src\\redux\\actions.js": {"path":"C:\\Users\\savch_000\\Desktop\\JS\\_REACT 2021 Q3\\rockstar666by-REACT2021Q3\\react-testing\\src\\redux\\actions.js","statementMap":{"0":{"start":{"line":3,"column":28},"end":{"line":3,"column":42}},"1":{"start":{"line":4,"column":31},"end":{"line":4,"column":48}},"2":{"start":{"line":5,"column":26},"end":{"line":5,"column":38}},"3":{"start":{"line":6,"column":31},"end":{"line":6,"column":48}},"4":{"start":{"line":7,"column":32},"end":{"line":7,"column":50}},"5":{"start":{"line":8,"column":29},"end":{"line":8,"column":44}},"6":{"start":{"line":11,"column":2},"end":{"line":11,"column":55}},"7":{"start":{"line":15,"column":2},"end":{"line":15,"column":45}},"8":{"start":{"line":19,"column":2},"end":{"line":19,"column":55}},"9":{"start":{"line":23,"column":2},"end":{"line":23,"column":57}},"10":{"start":{"line":26,"column":2},"end":{"line":26,"column":51}},"11":{"start":{"line":30,"column":2},"end":{"line":38,"column":4}},"12":{"start":{"line":31,"column":4},"end":{"line":31,"column":33}},"13":{"start":{"line":32,"column":4},"end":{"line":36,"column":71}},"14":{"start":{"line":36,"column":21},"end":{"line":36,"column":69}},"15":{"start":{"line":37,"column":4},"end":{"line":37,"column":34}}},"fnMap":{"0":{"name":"setSearchValue","decl":{"start":{"line":10,"column":16},"end":{"line":10,"column":30}},"loc":{"start":{"line":10,"column":38},"end":{"line":12,"column":1}},"line":10},"1":{"name":"setSortBy","decl":{"start":{"line":14,"column":16},"end":{"line":14,"column":25}},"loc":{"start":{"line":14,"column":33},"end":{"line":16,"column":1}},"line":14},"2":{"name":"setCurrentPage","decl":{"start":{"line":18,"column":16},"end":{"line":18,"column":30}},"loc":{"start":{"line":18,"column":38},"end":{"line":20,"column":1}},"line":18},"3":{"name":"setPostsPerPage","decl":{"start":{"line":22,"column":16},"end":{"line":22,"column":31}},"loc":{"start":{"line":22,"column":39},"end":{"line":24,"column":1}},"line":22},"4":{"name":"setIsLoading","decl":{"start":{"line":25,"column":16},"end":{"line":25,"column":28}},"loc":{"start":{"line":25,"column":36},"end":{"line":27,"column":1}},"line":25},"5":{"name":"getArticles","decl":{"start":{"line":29,"column":16},"end":{"line":29,"column":27}},"loc":{"start":{"line":29,"column":76},"end":{"line":39,"column":1}},"line":29},"6":{"name":"(anonymous_6)","decl":{"start":{"line":30,"column":9},"end":{"line":30,"column":10}},"loc":{"start":{"line":30,"column":35},"end":{"line":38,"column":3}},"line":30},"7":{"name":"(anonymous_7)","decl":{"start":{"line":36,"column":12},"end":{"line":36,"column":13}},"loc":{"start":{"line":36,"column":21},"end":{"line":36,"column":69}},"line":36}},"branchMap":{},"s":{"0":1,"1":1,"2":1,"3":1,"4":1,"5":1,"6":2,"7":2,"8":1,"9":2,"10":1,"11":0,"12":0,"13":0,"14":0,"15":0},"f":{"0":2,"1":2,"2":1,"3":2,"4":1,"5":0,"6":0,"7":0},"b":{},"_coverageSchema":"1a1c01bbd47fc00a2c39e90264f33305004495a9","hash":"44be4a85ad9ba99601662f77e6569d1cf9c49ea7"}
,"C:\\Users\\savch_000\\Desktop\\JS\\_REACT 2021 Q3\\rockstar666by-REACT2021Q3\\react-testing\\src\\redux\\reducer.js": {"path":"C:\\Users\\savch_000\\Desktop\\JS\\_REACT 2021 Q3\\rockstar666by-REACT2021Q3\\react-testing\\src\\redux\\reducer.js","statementMap":{"0":{"start":{"line":3,"column":21},"end":{"line":3,"column":23}},"1":{"start":{"line":6,"column":2},"end":{"line":21,"column":3}},"2":{"start":{"line":8,"column":6},"end":{"line":8,"column":59}},"3":{"start":{"line":10,"column":6},"end":{"line":10,"column":49}},"4":{"start":{"line":12,"column":6},"end":{"line":12,"column":59}},"5":{"start":{"line":14,"column":6},"end":{"line":14,"column":61}},"6":{"start":{"line":16,"column":6},"end":{"line":16,"column":55}},"7":{"start":{"line":18,"column":6},"end":{"line":18,"column":94}},"8":{"start":{"line":20,"column":6},"end":{"line":20,"column":19}}},"fnMap":{"0":{"name":"data","decl":{"start":{"line":5,"column":9},"end":{"line":5,"column":13}},"loc":{"start":{"line":5,"column":44},"end":{"line":22,"column":1}},"line":5}},"branchMap":{"0":{"loc":{"start":{"line":5,"column":14},"end":{"line":5,"column":34}},"type":"default-arg","locations":[{"start":{"line":5,"column":22},"end":{"line":5,"column":34}}],"line":5},"1":{"loc":{"start":{"line":6,"column":2},"end":{"line":21,"column":3}},"type":"switch","locations":[{"start":{"line":7,"column":4},"end":{"line":8,"column":59}},{"start":{"line":9,"column":4},"end":{"line":10,"column":49}},{"start":{"line":11,"column":4},"end":{"line":12,"column":59}},{"start":{"line":13,"column":4},"end":{"line":14,"column":61}},{"start":{"line":15,"column":4},"end":{"line":16,"column":55}},{"start":{"line":17,"column":4},"end":{"line":18,"column":94}},{"start":{"line":19,"column":4},"end":{"line":20,"column":19}}],"line":6}},"s":{"0":1,"1":9,"2":2,"3":2,"4":1,"5":2,"6":1,"7":0,"8":1},"f":{"0":9},"b":{"0":[0],"1":[2,2,1,2,1,0,1]},"_coverageSchema":"1a1c01bbd47fc00a2c39e90264f33305004495a9","hash":"eedaa0976eed20a416b85e5317ff78b103f78c65"}
}
