<?xml version="1.0" encoding="UTF-8"?>
<coverage generated="1630072119052" clover="3.2.0">
  <project timestamp="1630072119053" name="All files">
    <metrics statements="68" coveredstatements="54" conditionals="8" coveredconditionals="6" methods="36" coveredmethods="26" elements="112" coveredelements="86" complexity="0" loc="68" ncloc="68" packages="9" files="11" classes="11"/>
    <package name="mocks">
      <metrics statements="1" coveredstatements="1" conditionals="0" coveredconditionals="0" methods="0" coveredmethods="0"/>
      <file name="styleMock.js" path="C:\Users\savch_000\Desktop\JS\_REACT 2021 Q3\rockstar666by-REACT2021Q3\react-testing\mocks\styleMock.js">
        <metrics statements="1" coveredstatements="1" conditionals="0" coveredconditionals="0" methods="0" coveredmethods="0"/>
        <line num="1" count="1" type="stmt"/>
      </file>
    </package>
    <package name="src">
      <metrics statements="3" coveredstatements="3" conditionals="0" coveredconditionals="0" methods="1" coveredmethods="1"/>
      <file name="App.js" path="C:\Users\savch_000\Desktop\JS\_REACT 2021 Q3\rockstar666by-REACT2021Q3\react-testing\src\App.js">
        <metrics statements="1" coveredstatements="1" conditionals="0" coveredconditionals="0" methods="1" coveredmethods="1"/>
        <line num="6" count="1" type="stmt"/>
      </file>
      <file name="store.js" path="C:\Users\savch_000\Desktop\JS\_REACT 2021 Q3\rockstar666by-REACT2021Q3\react-testing\src\store.js">
        <metrics statements="2" coveredstatements="2" conditionals="0" coveredconditionals="0" methods="0" coveredmethods="0"/>
        <line num="5" count="1" type="stmt"/>
        <line num="15" count="1" type="stmt"/>
      </file>
    </package>
    <package name="src.components.About">
      <metrics statements="2" coveredstatements="2" conditionals="0" coveredconditionals="0" methods="1" coveredmethods="1"/>
      <file name="About.jsx" path="C:\Users\savch_000\Desktop\JS\_REACT 2021 Q3\rockstar666by-REACT2021Q3\react-testing\src\components\About\About.jsx">
        <metrics statements="2" coveredstatements="2" conditionals="0" coveredconditionals="0" methods="1" coveredmethods="1"/>
        <line num="4" count="1" type="stmt"/>
        <line num="5" count="1" type="stmt"/>
      </file>
    </package>
    <package name="src.components.Articles">
      <metrics statements="6" coveredstatements="5" conditionals="0" coveredconditionals="0" methods="5" coveredmethods="4"/>
      <file name="Articles.jsx" path="C:\Users\savch_000\Desktop\JS\_REACT 2021 Q3\rockstar666by-REACT2021Q3\react-testing\src\components\Articles\Articles.jsx">
        <metrics statements="6" coveredstatements="5" conditionals="0" coveredconditionals="0" methods="5" coveredmethods="4"/>
        <line num="6" count="1" type="stmt"/>
        <line num="7" count="7" type="stmt"/>
        <line num="8" count="7" type="stmt"/>
        <line num="9" count="7" type="stmt"/>
        <line num="14" count="3" type="stmt"/>
        <line num="19" count="0" type="stmt"/>
      </file>
    </package>
    <package name="src.components.Details">
      <metrics statements="7" coveredstatements="6" conditionals="0" coveredconditionals="0" methods="3" coveredmethods="2"/>
      <file name="Details.jsx" path="C:\Users\savch_000\Desktop\JS\_REACT 2021 Q3\rockstar666by-REACT2021Q3\react-testing\src\components\Details\Details.jsx">
        <metrics statements="7" coveredstatements="6" conditionals="0" coveredconditionals="0" methods="3" coveredmethods="2"/>
        <line num="5" count="1" type="stmt"/>
        <line num="6" count="1" type="stmt"/>
        <line num="7" count="1" type="stmt"/>
        <line num="9" count="1" type="stmt"/>
        <line num="10" count="1" type="stmt"/>
        <line num="11" count="0" type="stmt"/>
        <line num="15" count="1" type="stmt"/>
      </file>
    </package>
    <package name="src.components.PageNotFound">
      <metrics statements="2" coveredstatements="2" conditionals="0" coveredconditionals="0" methods="1" coveredmethods="1"/>
      <file name="PageNotFound.jsx" path="C:\Users\savch_000\Desktop\JS\_REACT 2021 Q3\rockstar666by-REACT2021Q3\react-testing\src\components\PageNotFound\PageNotFound.jsx">
        <metrics statements="2" coveredstatements="2" conditionals="0" coveredconditionals="0" methods="1" coveredmethods="1"/>
        <line num="4" count="1" type="stmt"/>
        <line num="5" count="2" type="stmt"/>
      </file>
    </package>
    <package name="src.components.Router">
      <metrics statements="4" coveredstatements="4" conditionals="0" coveredconditionals="0" methods="2" coveredmethods="2"/>
      <file name="Router.jsx" path="C:\Users\savch_000\Desktop\JS\_REACT 2021 Q3\rockstar666by-REACT2021Q3\react-testing\src\components\Router\Router.jsx">
        <metrics statements="4" coveredstatements="4" conditionals="0" coveredconditionals="0" methods="2" coveredmethods="2"/>
        <line num="12" count="1" type="stmt"/>
        <line num="14" count="1" type="stmt"/>
        <line num="39" count="1" type="stmt"/>
        <line num="40" count="1" type="stmt"/>
      </file>
    </package>
    <package name="src.components.SearchBar">
      <metrics statements="18" coveredstatements="12" conditionals="0" coveredconditionals="0" methods="14" coveredmethods="9"/>
      <file name="SearchBar.jsx" path="C:\Users\savch_000\Desktop\JS\_REACT 2021 Q3\rockstar666by-REACT2021Q3\react-testing\src\components\SearchBar\SearchBar.jsx">
        <metrics statements="18" coveredstatements="12" conditionals="0" coveredconditionals="0" methods="14" coveredmethods="9"/>
        <line num="10" count="1" type="stmt"/>
        <line num="11" count="3" type="stmt"/>
        <line num="12" count="7" type="stmt"/>
        <line num="13" count="7" type="stmt"/>
        <line num="14" count="7" type="stmt"/>
        <line num="15" count="7" type="stmt"/>
        <line num="16" count="7" type="stmt"/>
        <line num="18" count="3" type="stmt"/>
        <line num="19" count="0" type="stmt"/>
        <line num="20" count="0" type="stmt"/>
        <line num="23" count="3" type="stmt"/>
        <line num="34" count="1" type="stmt"/>
        <line num="35" count="0" type="stmt"/>
        <line num="49" count="1" type="stmt"/>
        <line num="50" count="0" type="stmt"/>
        <line num="63" count="0" type="stmt"/>
        <line num="64" count="0" type="stmt"/>
        <line num="73" count="1" type="stmt"/>
      </file>
    </package>
    <package name="src.redux">
      <metrics statements="25" coveredstatements="19" conditionals="8" coveredconditionals="6" methods="9" coveredmethods="6"/>
      <file name="actions.js" path="C:\Users\savch_000\Desktop\JS\_REACT 2021 Q3\rockstar666by-REACT2021Q3\react-testing\src\redux\actions.js">
        <metrics statements="16" coveredstatements="11" conditionals="0" coveredconditionals="0" methods="8" coveredmethods="5"/>
        <line num="3" count="1" type="stmt"/>
        <line num="4" count="1" type="stmt"/>
        <line num="5" count="1" type="stmt"/>
        <line num="6" count="1" type="stmt"/>
        <line num="7" count="1" type="stmt"/>
        <line num="8" count="1" type="stmt"/>
        <line num="11" count="2" type="stmt"/>
        <line num="15" count="2" type="stmt"/>
        <line num="19" count="1" type="stmt"/>
        <line num="23" count="2" type="stmt"/>
        <line num="26" count="1" type="stmt"/>
        <line num="30" count="0" type="stmt"/>
        <line num="31" count="0" type="stmt"/>
        <line num="32" count="0" type="stmt"/>
        <line num="36" count="0" type="stmt"/>
        <line num="37" count="0" type="stmt"/>
      </file>
      <file name="reducer.js" path="C:\Users\savch_000\Desktop\JS\_REACT 2021 Q3\rockstar666by-REACT2021Q3\react-testing\src\redux\reducer.js">
        <metrics statements="9" coveredstatements="8" conditionals="8" coveredconditionals="6" methods="1" coveredmethods="1"/>
        <line num="3" count="1" type="stmt"/>
        <line num="6" count="9" type="cond" truecount="6" falsecount="1"/>
        <line num="8" count="2" type="stmt"/>
        <line num="10" count="2" type="stmt"/>
        <line num="12" count="1" type="stmt"/>
        <line num="14" count="2" type="stmt"/>
        <line num="16" count="1" type="stmt"/>
        <line num="18" count="0" type="stmt"/>
        <line num="20" count="1" type="stmt"/>
      </file>
    </package>
  </project>
</coverage>
