TN:
SF:mocks\styleMock.js
FNF:0
FNH:0
DA:1,1
LF:1
LH:1
BRF:0
BRH:0
end_of_record
TN:
SF:src\App.js
FN:5,App
FNF:1
FNH:1
FNDA:1,App
DA:6,1
LF:1
LH:1
BRF:0
BRH:0
end_of_record
TN:
SF:src\store.js
FNF:0
FNH:0
DA:5,1
DA:15,1
LF:2
LH:2
BRF:0
BRH:0
end_of_record
TN:
SF:src\components\About\About.jsx
FN:4,(anonymous_0)
FNF:1
FNH:1
FNDA:1,(anonymous_0)
DA:4,1
DA:5,1
LF:2
LH:2
BRF:0
BRH:0
end_of_record
TN:
SF:src\components\Articles\Articles.jsx
FN:6,(anonymous_0)
FN:7,(anonymous_1)
FN:8,(anonymous_2)
FN:9,(anonymous_3)
FN:18,(anonymous_4)
FNF:5
FNH:4
FNDA:3,(anonymous_0)
FNDA:7,(anonymous_1)
FNDA:7,(anonymous_2)
FNDA:7,(anonymous_3)
FNDA:0,(anonymous_4)
DA:6,1
DA:7,7
DA:8,7
DA:9,7
DA:14,3
DA:19,0
LF:6
LH:5
BRF:0
BRH:0
end_of_record
TN:
SF:src\components\Details\Details.jsx
FN:5,(anonymous_0)
FN:9,(anonymous_1)
FN:10,(anonymous_2)
FNF:3
FNH:2
FNDA:1,(anonymous_0)
FNDA:1,(anonymous_1)
FNDA:0,(anonymous_2)
DA:5,1
DA:6,1
DA:7,1
DA:9,1
DA:10,1
DA:11,0
DA:15,1
LF:7
LH:6
BRF:0
BRH:0
end_of_record
TN:
SF:src\components\PageNotFound\PageNotFound.jsx
FN:4,(anonymous_0)
FNF:1
FNH:1
FNDA:2,(anonymous_0)
DA:4,1
DA:5,2
LF:2
LH:2
BRF:0
BRH:0
end_of_record
TN:
SF:src\components\Router\Router.jsx
FN:11,AnimationApp
FN:39,(anonymous_1)
FNF:2
FNH:2
FNDA:1,AnimationApp
FNDA:1,(anonymous_1)
DA:12,1
DA:14,1
DA:39,1
DA:40,1
LF:4
LH:4
BRF:0
BRH:0
end_of_record
TN:
SF:src\components\SearchBar\SearchBar.jsx
FN:10,(anonymous_0)
FN:12,(anonymous_1)
FN:13,(anonymous_2)
FN:14,(anonymous_3)
FN:15,(anonymous_4)
FN:16,(anonymous_5)
FN:18,(anonymous_6)
FN:34,(anonymous_7)
FN:35,(anonymous_8)
FN:49,(anonymous_9)
FN:50,(anonymous_10)
FN:63,(anonymous_11)
FN:64,(anonymous_12)
FN:73,(anonymous_13)
FNF:14
FNH:9
FNDA:3,(anonymous_0)
FNDA:7,(anonymous_1)
FNDA:7,(anonymous_2)
FNDA:7,(anonymous_3)
FNDA:7,(anonymous_4)
FNDA:7,(anonymous_5)
FNDA:0,(anonymous_6)
FNDA:1,(anonymous_7)
FNDA:0,(anonymous_8)
FNDA:1,(anonymous_9)
FNDA:0,(anonymous_10)
FNDA:0,(anonymous_11)
FNDA:0,(anonymous_12)
FNDA:1,(anonymous_13)
DA:10,1
DA:11,3
DA:12,7
DA:13,7
DA:14,7
DA:15,7
DA:16,7
DA:18,3
DA:19,0
DA:20,0
DA:23,3
DA:34,1
DA:35,0
DA:49,1
DA:50,0
DA:63,0
DA:64,0
DA:73,1
LF:18
LH:12
BRF:0
BRH:0
end_of_record
TN:
SF:src\redux\actions.js
FN:10,setSearchValue
FN:14,setSortBy
FN:18,setCurrentPage
FN:22,setPostsPerPage
FN:25,setIsLoading
FN:29,getArticles
FN:30,(anonymous_6)
FN:36,(anonymous_7)
FNF:8
FNH:5
FNDA:2,setSearchValue
FNDA:2,setSortBy
FNDA:1,setCurrentPage
FNDA:2,setPostsPerPage
FNDA:1,setIsLoading
FNDA:0,getArticles
FNDA:0,(anonymous_6)
FNDA:0,(anonymous_7)
DA:3,1
DA:4,1
DA:5,1
DA:6,1
DA:7,1
DA:8,1
DA:11,2
DA:15,2
DA:19,1
DA:23,2
DA:26,1
DA:30,0
DA:31,0
DA:32,0
DA:36,0
DA:37,0
LF:16
LH:11
BRF:0
BRH:0
end_of_record
TN:
SF:src\redux\reducer.js
FN:5,data
FNF:1
FNH:1
FNDA:9,data
DA:3,1
DA:6,9
DA:8,2
DA:10,2
DA:12,1
DA:14,2
DA:16,1
DA:18,0
DA:20,1
LF:9
LH:8
BRDA:5,0,0,0
BRDA:6,1,0,2
BRDA:6,1,1,2
BRDA:6,1,2,1
BRDA:6,1,3,2
BRDA:6,1,4,1
BRDA:6,1,5,0
BRDA:6,1,6,1
BRF:8
BRH:6
end_of_record
